# MySQL-Front Dump 2.5
#
# Host: codemau.org.br   Database: codemau
# --------------------------------------------------------
# Server version 5.0.27-community-nt


#
# Table structure for table 'agricolas'
#

CREATE TABLE IF NOT EXISTS agricolas (
  id int(4) NOT NULL auto_increment,
  nome varchar(250) NOT NULL DEFAULT '' ,
  vencimento varchar(250) NOT NULL DEFAULT '' ,
  preco varchar(250) NOT NULL DEFAULT '' ,
  data varchar(50) NOT NULL DEFAULT '' ,
  hora varchar(50) NOT NULL DEFAULT '' ,
  PRIMARY KEY (id)
);




#
# Dumping data for table 'agricolas'
#

INSERT INTO agricolas VALUES("5", "Soja", "", "48,50", "18/06/2008", "10:59:51");

INSERT INTO agricolas VALUES("6", "Milho", "Com pagamento em 15 dias", "22,50", "18/06/2008", "11:00:12");

INSERT INTO agricolas VALUES("9", "Leite", "", "0,52", "18/06/2008", "11:01:07");

INSERT INTO agricolas VALUES("14", "Bovino Especial para Corte no pé", "", "2,40", "18/06/2008", "11:02:01");

INSERT INTO agricolas VALUES("15", "Trigo PH 78", "Com pagamento em 30 dias", "33,00", "18/06/2008", "11:02:23");

INSERT INTO agricolas VALUES("18", "Feijão Preto", "Com pagamento em 8 dias", "110,00", "18/06/2008", "11:00:33");

INSERT INTO agricolas VALUES("19", "Feijão Carioca", "Com pagamento em 8 dias", "110,00", "18/06/2008", "11:00:49");

INSERT INTO agricolas VALUES("20", "Suíno Criador Independente", "", "2,40", "18/06/2008", "11:01:18");

INSERT INTO agricolas VALUES("21", "Suíno Preço Sindicarne", "", "2,30", "18/06/2008", "11:01:32");

