SUCCESS - ***.smace701.dsl.brasiltelecom.net.br: Hydrangeas.jpg - 48587 byte
SUCCESS - ***.smace701.dsl.brasiltelecom.net.br: Jellyfish.jpg - 32375 byte
SUCCESS - ***.smace701.dsl.brasiltelecom.net.br: Penguins.jpg - 50606 byte
SUCCESS - ***.smace701.dsl.brasiltelecom.net.br: Tulips.jpg - 49771 byte
SUCCESS - ***.smace701.dsl.brasiltelecom.net.br: Jellyfish.jpg - 32375 byte
SUCCESS - ***.smace701.dsl.brasiltelecom.net.br: Tulips.jpg - 49771 byte
SUCCESS - ***.smace701.dsl.brasiltelecom.net.br: Hydrangeas.jpg - 48587 byte
SUCCESS - ***.smace701.dsl.brasiltelecom.net.br: Jellyfish.jpg - 32375 byte
SUCCESS - ***.smace701.dsl.brasiltelecom.net.br: Penguins.jpg - 50606 byte
SUCCESS - ***.smace701.dsl.brasiltelecom.net.br: Tulips.jpg - 49771 byte
SUCCESS - ***.jvece702.e.brasiltelecom.net.br: Jellyfish.jpg - 775702 byte
SUCCESS - ***.jvece702.e.brasiltelecom.net.br: Tulips.jpg - 620888 byte
SUCCESS - ***.smace701.dsl.brasiltelecom.net.br: Hydrangeas.jpg - 595284 byte
SUCCESS - ***.smace701.dsl.brasiltelecom.net.br: Jellyfish.jpg - 775702 byte
SUCCESS - ***.smace701.dsl.brasiltelecom.net.br: Hydrangeas.jpg - 595284 byte
SUCCESS - ***.smace701.dsl.brasiltelecom.net.br: Jellyfish.jpg - 775702 byte
SUCCESS - ***.smace701.dsl.brasiltelecom.net.br: Penguins.jpg - 777835 byte
SUCCESS - ***.smace701.dsl.brasiltelecom.net.br: Tulips.jpg - 620888 byte
SUCCESS - ***.smace701.dsl.brasiltelecom.net.br: Penguins.jpg - 777835 byte
SUCCESS - ***.smace701.dsl.brasiltelecom.net.br: Tulips.jpg - 620888 byte
SUCCESS - ***.smace701.dsl.brasiltelecom.net.br: Penguins.jpg - 777835 byte
SUCCESS - ***.smace701.dsl.brasiltelecom.net.br: Tulips.jpg - 620888 byte
SUCCESS - ***.smace701.dsl.brasiltelecom.net.br: Penguins.jpg - 777835 byte
SUCCESS - ***.smace701.dsl.brasiltelecom.net.br: Tulips.jpg - 620888 byte
SUCCESS - ***.smace701.dsl.brasiltelecom.net.br: Penguins.jpg - 777835 byte
SUCCESS - ***.smace701.dsl.brasiltelecom.net.br: Tulips.jpg - 620888 byte
SUCCESS - ***.smace701.dsl.brasiltelecom.net.br: Penguins.jpg - 777835 byte
SUCCESS - ***.smace701.dsl.brasiltelecom.net.br: Tulips.jpg - 620888 byte
SUCCESS - ***.smace701.dsl.brasiltelecom.net.br: Penguins.jpg - 777835 byte
SUCCESS - ***.smace701.dsl.brasiltelecom.net.br: Tulips.jpg - 620888 byte
SUCCESS - ***.smace701.dsl.brasiltelecom.net.br: Jellyfish.jpg - 775702 byte
SUCCESS - ***.smace701.dsl.brasiltelecom.net.br: Tulips.jpg - 620888 byte
SUCCESS - ***.smace701.dsl.brasiltelecom.net.br: Penguins.jpg - 777835 byte
SUCCESS - ***.smace701.dsl.brasiltelecom.net.br: Tulips.jpg - 620888 byte
SUCCESS - ***.smace701.dsl.brasiltelecom.net.br: Penguins.jpg - 777835 byte
SUCCESS - ***.smace701.dsl.brasiltelecom.net.br: Tulips.jpg - 620888 byte
SUCCESS - ***.smace701.dsl.brasiltelecom.net.br: Penguins.jpg - 777835 byte
SUCCESS - ***.smace701.dsl.brasiltelecom.net.br: Tulips.jpg - 620888 byte
