SUCCESS - ***: sulbass.png - 276360 byte
SUCCESS - ***: upload.gif - 11768 byte
SUCCESS - ***: sulbass.png - 276360 byte
SUCCESS - ***: logo_sulbass.jpg - 10208 byte
SUCCESS - ***: sulbass.png - 276360 byte
SUCCESS - ***: 009 2 - C贸pia.jpg - 1064082 byte
SUCCESS - ***: 009 - C贸pia.JPG - 1155674 byte
SUCCESS - ***: cartao-ademar2.jpg - 844987 byte
SUCCESS - ***: cartao-ademar3.jpg - 1231156 byte
SUCCESS - ***: cartao-ademar4.jpg - 713992 byte
SUCCESS - ***: cartao-ademar.jpg - 681236 byte
SUCCESS - ***: clickcompraevende.jpg - 486558 byte
SUCCESS - ***: fogo.JPG - 87311 byte
SUCCESS - ***: JESUS.jpg - 179194 byte
SUCCESS - ***: logo_sulbass.jpg - 10208 byte
SUCCESS - ***: Picture0074.JPG - 19046 byte
SUCCESS - ***: trofeu.jpg - 178913 byte
SUCCESS - ***: upload.gif - 11768 byte
SUCCESS - ***: vw-beatle-tuning.jpg - 214557 byte
SUCCESS - ***: Picture0074.JPG - 19046 byte
FAILED - ***: ChromeSetup.exe - 487592 byte
FAILED - ***: ChromeSetup.exe - 487592 byte
SUCCESS - ***: vw-beatle-tuning.jpg - 214557 byte
SUCCESS - ***: trofeu.jpg - 178913 byte
SUCCESS - ***: sulbass.png - 276360 byte
SUCCESS - ***: sulbass.png - 276360 byte
SUCCESS - ***: sulbass.png - 276360 byte
SUCCESS - ***: trofeu.jpg - 178913 byte
SUCCESS - ***: upload.gif - 11768 byte
SUCCESS - ***: vw-beatle-tuning.jpg - 214557 byte
FAILED - ***: ChromeSetup.exe - 487592 byte
SUCCESS - ***: clickcompraevende.jpg - 486558 byte
SUCCESS - ***: JESUS.jpg - 179194 byte
SUCCESS - ***: JESUS.jpg - 179194 byte
SUCCESS - ***: upload.gif - 11768 byte
SUCCESS - ***: trofeu.jpg - 178913 byte
SUCCESS - ***: fogo.JPG - 87311 byte
SUCCESS - ***: JESUS.jpg - 179194 byte
SUCCESS - ***: logo_sulbass.jpg - 10208 byte
SUCCESS - ***: Picture0074.JPG - 19046 byte
SUCCESS - ***: sulbass.png - 276360 byte
SUCCESS - ***: upload.gif - 11768 byte
SUCCESS - ***: vw-beatle-tuning.jpg - 214557 byte
SUCCESS - ***: upload.gif - 11768 byte
SUCCESS - ***: vw-beatle-tuning.jpg - 214557 byte
SUCCESS - ***: JESUS.jpg - 179194 byte
SUCCESS - ***: logo_sulbass.jpg - 10208 byte
SUCCESS - ***: Picture0074.JPG - 19046 byte
SUCCESS - ***: sulbass.png - 276360 byte
SUCCESS - ***: vw-beatle-tuning.jpg - 214557 byte
SUCCESS - ***: 009 2 - C贸pia.jpg - 1064082 byte
SUCCESS - ***: 009 - C贸pia.JPG - 1155674 byte
SUCCESS - ***: cartao-ademar2.jpg - 844987 byte
SUCCESS - ***: cartao-ademar3.jpg - 1231156 byte
SUCCESS - ***: cartao-ademar4.jpg - 713992 byte
SUCCESS - ***: cartao-ademar.jpg - 681236 byte
SUCCESS - ***: clickcompraevende.jpg - 486558 byte
SUCCESS - ***: fogo.JPG - 87311 byte
SUCCESS - ***: JESUS.jpg - 179194 byte
SUCCESS - ***: logo_sulbass.jpg - 10208 byte
SUCCESS - ***: Picture0074.JPG - 19046 byte
SUCCESS - ***: sulbass.png - 276360 byte
SUCCESS - ***: trofeu.jpg - 178913 byte
SUCCESS - ***: upload.gif - 11768 byte
