2004.01.26 15:46 B C:\TEMP\mam\coppermine\modules\coppermine\include\editDesc.inc.php --> ira.500mb-gratis.com /web/modules/coppermine/include editDesc.inc.php
2004.01.26 15:46 B C:\TEMP\mam\coppermine\modules\coppermine\include\exif.inc.php --> ira.500mb-gratis.com /web/modules/coppermine/include exif.inc.php
2004.01.26 15:46 B C:\TEMP\mam\coppermine\modules\coppermine\include\exif_php.inc.php --> ira.500mb-gratis.com /web/modules/coppermine/include exif_php.inc.php
2004.01.26 15:46 B C:\TEMP\mam\coppermine\modules\coppermine\include\functions.inc.php --> ira.500mb-gratis.com /web/modules/coppermine/include functions.inc.php
2004.01.26 15:46 B C:\TEMP\mam\coppermine\modules\coppermine\include\help-english.inc.php --> ira.500mb-gratis.com /web/modules/coppermine/include help-english.inc.php
2004.01.26 15:47 B C:\TEMP\mam\coppermine\modules\coppermine\include\help-thai.inc.php --> ira.500mb-gratis.com /web/modules/coppermine/include help-thai.inc.php
2004.01.26 15:47 B C:\TEMP\mam\coppermine\modules\coppermine\include\index.html --> ira.500mb-gratis.com /web/modules/coppermine/include index.html
2004.01.26 15:47 B C:\TEMP\mam\coppermine\modules\coppermine\include\init.inc.php --> ira.500mb-gratis.com /web/modules/coppermine/include init.inc.php
2004.01.26 15:47 B C:\TEMP\mam\coppermine\modules\coppermine\include\iptc.inc.php --> ira.500mb-gratis.com /web/modules/coppermine/include iptc.inc.php
2004.01.26 15:47 B C:\TEMP\mam\coppermine\modules\coppermine\include\langdef.php --> ira.500mb-gratis.com /web/modules/coppermine/include langdef.php
2004.01.26 15:47 B C:\TEMP\mam\coppermine\modules\coppermine\include\load.inc.php --> ira.500mb-gratis.com /web/modules/coppermine/include load.inc.php
2004.01.26 15:47 B C:\TEMP\mam\coppermine\modules\coppermine\include\mailer.inc.php --> ira.500mb-gratis.com /web/modules/coppermine/include mailer.inc.php
2004.01.26 15:47 B C:\TEMP\mam\coppermine\modules\coppermine\include\oldnuke.php --> ira.500mb-gratis.com /web/modules/coppermine/include oldnuke.php
2004.01.26 15:47 B C:\TEMP\mam\coppermine\modules\coppermine\include\picmgmt.inc.php --> ira.500mb-gratis.com /web/modules/coppermine/include picmgmt.inc.php
2004.01.26 15:47 B C:\TEMP\mam\coppermine\modules\coppermine\include\picmgmtbatch.inc.php --> ira.500mb-gratis.com /web/modules/coppermine/include picmgmtbatch.inc.php
2004.01.26 15:47 B C:\TEMP\mam\coppermine\modules\coppermine\include\postnuke.php --> ira.500mb-gratis.com /web/modules/coppermine/include postnuke.php
2004.01.26 15:47 B C:\TEMP\mam\coppermine\modules\coppermine\include\search.inc.php --> ira.500mb-gratis.com /web/modules/coppermine/include search.inc.php
2004.01.26 15:47 B C:\TEMP\mam\coppermine\modules\coppermine\include\select_lang.inc.php --> ira.500mb-gratis.com /web/modules/coppermine/include select_lang.inc.php
2004.01.26 15:47 B C:\TEMP\mam\coppermine\modules\coppermine\include\slideshow.inc.php --> ira.500mb-gratis.com /web/modules/coppermine/include slideshow.inc.php
2004.01.26 15:47 B C:\TEMP\mam\coppermine\modules\coppermine\include\smilies.inc.php --> ira.500mb-gratis.com /web/modules/coppermine/include smilies.inc.php
2004.01.26 15:48 B C:\TEMP\mam\coppermine\modules\coppermine\include\sql_parse.php --> ira.500mb-gratis.com /web/modules/coppermine/include sql_parse.php
