2004.01.26 15:30 B C:\TEMP\mam\coppermine\modules\coppermine\images\smiles\icon_arrow.gif --> ira.500mb-gratis.com /web/modules/coppermine/images/smiles icon_arrow.gif
2004.01.26 15:30 B C:\TEMP\mam\coppermine\modules\coppermine\images\smiles\icon_biggrin.gif --> ira.500mb-gratis.com /web/modules/coppermine/images/smiles icon_biggrin.gif
2004.01.26 15:30 B C:\TEMP\mam\coppermine\modules\coppermine\images\smiles\icon_confused.gif --> ira.500mb-gratis.com /web/modules/coppermine/images/smiles icon_confused.gif
2004.01.26 15:30 B C:\TEMP\mam\coppermine\modules\coppermine\images\smiles\icon_cool.gif --> ira.500mb-gratis.com /web/modules/coppermine/images/smiles icon_cool.gif
2004.01.26 15:31 B C:\TEMP\mam\coppermine\modules\coppermine\images\smiles\icon_cry.gif --> ira.500mb-gratis.com /web/modules/coppermine/images/smiles icon_cry.gif
2004.01.26 15:31 B C:\TEMP\mam\coppermine\modules\coppermine\images\smiles\icon_eek.gif --> ira.500mb-gratis.com /web/modules/coppermine/images/smiles icon_eek.gif
2004.01.26 15:31 B C:\TEMP\mam\coppermine\modules\coppermine\images\smiles\icon_evil.gif --> ira.500mb-gratis.com /web/modules/coppermine/images/smiles icon_evil.gif
2004.01.26 15:31 B C:\TEMP\mam\coppermine\modules\coppermine\images\smiles\icon_exclaim.gif --> ira.500mb-gratis.com /web/modules/coppermine/images/smiles icon_exclaim.gif
2004.01.26 15:31 B C:\TEMP\mam\coppermine\modules\coppermine\images\smiles\icon_frown.gif --> ira.500mb-gratis.com /web/modules/coppermine/images/smiles icon_frown.gif
2004.01.26 15:31 B C:\TEMP\mam\coppermine\modules\coppermine\images\smiles\icon_idea.gif --> ira.500mb-gratis.com /web/modules/coppermine/images/smiles icon_idea.gif
2004.01.26 15:31 B C:\TEMP\mam\coppermine\modules\coppermine\images\smiles\icon_lol.gif --> ira.500mb-gratis.com /web/modules/coppermine/images/smiles icon_lol.gif
2004.01.26 15:34 B C:\TEMP\mam\coppermine\modules\coppermine\images\smiles\icon_arrow.gif --> ira.500mb-gratis.com /web/modules/coppermine/images/smiles icon_arrow.gif
2004.01.26 15:34 B C:\TEMP\mam\coppermine\modules\coppermine\images\smiles\icon_biggrin.gif --> ira.500mb-gratis.com /web/modules/coppermine/images/smiles icon_biggrin.gif
2004.01.26 15:34 B C:\TEMP\mam\coppermine\modules\coppermine\images\smiles\icon_confused.gif --> ira.500mb-gratis.com /web/modules/coppermine/images/smiles icon_confused.gif
2004.01.26 15:34 B C:\TEMP\mam\coppermine\modules\coppermine\images\smiles\icon_cool.gif --> ira.500mb-gratis.com /web/modules/coppermine/images/smiles icon_cool.gif
2004.01.26 15:35 B C:\TEMP\mam\coppermine\modules\coppermine\images\smiles\icon_cry.gif --> ira.500mb-gratis.com /web/modules/coppermine/images/smiles icon_cry.gif
2004.01.26 15:35 B C:\TEMP\mam\coppermine\modules\coppermine\images\smiles\icon_eek.gif --> ira.500mb-gratis.com /web/modules/coppermine/images/smiles icon_eek.gif
2004.01.26 15:35 B C:\TEMP\mam\coppermine\modules\coppermine\images\smiles\icon_evil.gif --> ira.500mb-gratis.com /web/modules/coppermine/images/smiles icon_evil.gif
2004.01.26 15:35 B C:\TEMP\mam\coppermine\modules\coppermine\images\smiles\icon_exclaim.gif --> ira.500mb-gratis.com /web/modules/coppermine/images/smiles icon_exclaim.gif
2004.01.26 15:35 B C:\TEMP\mam\coppermine\modules\coppermine\images\smiles\icon_frown.gif --> ira.500mb-gratis.com /web/modules/coppermine/images/smiles icon_frown.gif
2004.01.26 15:35 B C:\TEMP\mam\coppermine\modules\coppermine\images\smiles\icon_idea.gif --> ira.500mb-gratis.com /web/modules/coppermine/images/smiles icon_idea.gif
2004.01.26 15:35 B C:\TEMP\mam\coppermine\modules\coppermine\images\smiles\icon_lol.gif --> ira.500mb-gratis.com /web/modules/coppermine/images/smiles icon_lol.gif
2004.01.26 15:35 B C:\TEMP\mam\coppermine\modules\coppermine\images\smiles\icon_mad.gif --> ira.500mb-gratis.com /web/modules/coppermine/images/smiles icon_mad.gif
2004.01.26 15:35 B C:\TEMP\mam\coppermine\modules\coppermine\images\smiles\icon_mrgreen.gif --> ira.500mb-gratis.com /web/modules/coppermine/images/smiles icon_mrgreen.gif
2004.01.26 15:35 B C:\TEMP\mam\coppermine\modules\coppermine\images\smiles\icon_neutral.gif --> ira.500mb-gratis.com /web/modules/coppermine/images/smiles icon_neutral.gif
2004.01.26 15:35 B C:\TEMP\mam\coppermine\modules\coppermine\images\smiles\icon_question.gif --> ira.500mb-gratis.com /web/modules/coppermine/images/smiles icon_question.gif
2004.01.26 15:35 B C:\TEMP\mam\coppermine\modules\coppermine\images\smiles\icon_razz.gif --> ira.500mb-gratis.com /web/modules/coppermine/images/smiles icon_razz.gif
2004.01.26 15:35 B C:\TEMP\mam\coppermine\modules\coppermine\images\smiles\icon_redface.gif --> ira.500mb-gratis.com /web/modules/coppermine/images/smiles icon_redface.gif
2004.01.26 15:36 B C:\TEMP\mam\coppermine\modules\coppermine\images\smiles\icon_rolleyes.gif --> ira.500mb-gratis.com /web/modules/coppermine/images/smiles icon_rolleyes.gif
2004.01.26 15:36 B C:\TEMP\mam\coppermine\modules\coppermine\images\smiles\icon_sad.gif --> ira.500mb-gratis.com /web/modules/coppermine/images/smiles icon_sad.gif
2004.01.26 15:36 B C:\TEMP\mam\coppermine\modules\coppermine\images\smiles\icon_smile.gif --> ira.500mb-gratis.com /web/modules/coppermine/images/smiles icon_smile.gif
2004.01.26 15:36 B C:\TEMP\mam\coppermine\modules\coppermine\images\smiles\icon_surprised.gif --> ira.500mb-gratis.com /web/modules/coppermine/images/smiles icon_surprised.gif
2004.01.26 15:36 B C:\TEMP\mam\coppermine\modules\coppermine\images\smiles\icon_twisted.gif --> ira.500mb-gratis.com /web/modules/coppermine/images/smiles icon_twisted.gif
2004.01.26 15:36 B C:\TEMP\mam\coppermine\modules\coppermine\images\smiles\icon_wink.gif --> ira.500mb-gratis.com /web/modules/coppermine/images/smiles icon_wink.gif
